0 info it worked if it ends with ok
1 verbose cli [ 'C:\\Program Files (x86)\\nodejs\\\\node.exe',
1 verbose cli   'C:\\Program Files (x86)\\nodejs\\node_modules\\npm\\bin\\npm-cli.js',
1 verbose cli   'publish' ]
2 info using npm@1.4.28
3 info using node@v0.10.33
4 verbose node symlink C:\Program Files (x86)\nodejs\\node.exe
5 verbose publish [ '.' ]
6 verbose cache add [ '.', null ]
7 verbose cache add name=undefined spec="." args=[".",null]
8 verbose parsed url { protocol: null,
8 verbose parsed url   slashes: null,
8 verbose parsed url   auth: null,
8 verbose parsed url   host: null,
8 verbose parsed url   port: null,
8 verbose parsed url   hostname: null,
8 verbose parsed url   hash: null,
8 verbose parsed url   search: null,
8 verbose parsed url   query: null,
8 verbose parsed url   pathname: '.',
8 verbose parsed url   path: '.',
8 verbose parsed url   href: '.' }
9 silly lockFile 3a52ce78- .
10 verbose lock . C:\Users\Florian\AppData\Roaming\npm-cache\3a52ce78-.lock
11 verbose tar pack [ 'C:\\Users\\Florian\\AppData\\Roaming\\npm-cache\\Thunderstone\\1.0.0\\package.tgz',
11 verbose tar pack   '.' ]
12 verbose tarball C:\Users\Florian\AppData\Roaming\npm-cache\Thunderstone\1.0.0\package.tgz
13 verbose folder .
14 info prepublish Thunderstone@1.0.0
15 silly lockFile 1f1177db-tar tar://.
16 verbose lock tar://. C:\Users\Florian\AppData\Roaming\npm-cache\1f1177db-tar.lock
17 silly lockFile fa74c220-e-Thunderstone-1-0-0-package-tgz tar://C:\Users\Florian\AppData\Roaming\npm-cache\Thunderstone\1.0.0\package.tgz
18 verbose lock tar://C:\Users\Florian\AppData\Roaming\npm-cache\Thunderstone\1.0.0\package.tgz C:\Users\Florian\AppData\Roaming\npm-cache\fa74c220-e-Thunderstone-1-0-0-package-tgz.lock
19 silly lockFile 1f1177db-tar tar://.
20 silly lockFile 1f1177db-tar tar://.
21 silly lockFile fa74c220-e-Thunderstone-1-0-0-package-tgz tar://C:\Users\Florian\AppData\Roaming\npm-cache\Thunderstone\1.0.0\package.tgz
22 silly lockFile fa74c220-e-Thunderstone-1-0-0-package-tgz tar://C:\Users\Florian\AppData\Roaming\npm-cache\Thunderstone\1.0.0\package.tgz
23 silly lockFile 163ab975-cache-Thunderstone-1-0-0-package C:\Users\Florian\AppData\Roaming\npm-cache\Thunderstone\1.0.0\package
24 verbose lock C:\Users\Florian\AppData\Roaming\npm-cache\Thunderstone\1.0.0\package C:\Users\Florian\AppData\Roaming\npm-cache\163ab975-cache-Thunderstone-1-0-0-package.lock
25 silly lockFile 163ab975-cache-Thunderstone-1-0-0-package C:\Users\Florian\AppData\Roaming\npm-cache\Thunderstone\1.0.0\package
26 silly lockFile 163ab975-cache-Thunderstone-1-0-0-package C:\Users\Florian\AppData\Roaming\npm-cache\Thunderstone\1.0.0\package
27 silly lockFile 3a52ce78- .
28 silly lockFile 3a52ce78- .
29 silly publish { name: 'Thunderstone',
29 silly publish   version: '1.0.0',
29 silly publish   description: 'Maps the usage of css selectors and html files',
29 silly publish   directories: {},
29 silly publish   scripts: {},
29 silly publish   keywords: [ 'html', 'css-selectors' ],
29 silly publish   repository:
29 silly publish    { type: 'git',
29 silly publish      url: 'https://github.com/nojaf/thunderstone.git' },
29 silly publish   author: { name: 'Florian Verdonck' },
29 silly publish   license: 'MIT',
29 silly publish   devDependencies:
29 silly publish    { cheerio: '^0.18.0',
29 silly publish      css: '^2.1.0',
29 silly publish      grunt: '^0.4.5',
29 silly publish      'grunt-contrib-watch': '^0.6.1',
29 silly publish      'grunt-jasmine-node': '^0.2.1',
29 silly publish      'grunt-open': '^0.2.3',
29 silly publish      'grunt-typescript': '^0.6.1',
29 silly publish      less: '^2.2.0',
29 silly publish      typescript: '^1.4.1',
29 silly publish      underscore: '^1.7.0',
29 silly publish      vash: '^0.7.12-1' },
29 silly publish   readme: '# Thunderstone\r\n\r\nThe idea of this tool is to generate a report of the used css selectors within html pages.\r\n\r\nIn your gruntfile:\r\n\r\n```javascript\r\nmodule.exports = function (grunt) {\r\n\r\n    grunt.initConfig({\r\n        pkg: grunt.file.readJSON("package.json"),\r\n        thunderstone: {\r\n            html: ["example/*.html"],\r\n            css: ["example/*.css"],\r\n            outputDir: "results/"\r\n        }\r\n    });\r\n\r\n    grunt.loadNpmTasks("thunderstone");\r\n};\r\n```\r\n\r\n## config\r\n\r\n### config.html\r\n\r\nArray of html paths to process\r\n\r\n### config.css\r\n\r\nArray of css paths to process\r\n\r\n### config.outputDir\r\n\r\nOutput directory path\r\n\r\n## Build\r\n\r\nRun ```grunt build``` to compile the source\r\n\r\n## Tests\r\n\r\nAfter compiling the source, run ```grunt tests``` to execute the tests\r\n',
29 silly publish   readmeFilename: 'README.md',
29 silly publish   gitHead: '599eca0d63489aa979d00af13af11e86cf1f3e16',
29 silly publish   bugs: { url: 'https://github.com/nojaf/thunderstone/issues' },
29 silly publish   homepage: 'https://github.com/nojaf/thunderstone',
29 silly publish   _id: 'Thunderstone@1.0.0',
29 silly publish   _shasum: 'a36258f54d1873dca9a3c90488f43c58c52fc899',
29 silly publish   _from: '.' }
30 verbose request where is /Thunderstone
31 verbose request registry https://registry.npmjs.org/
32 verbose request id bb968a0c666c584f
33 verbose url raw /Thunderstone
34 verbose url resolving [ 'https://registry.npmjs.org/', './Thunderstone' ]
35 verbose url resolved https://registry.npmjs.org/Thunderstone
36 verbose request where is https://registry.npmjs.org/Thunderstone
37 info trying registry request attempt 1 at 17:49:49
38 http PUT https://registry.npmjs.org/Thunderstone
39 http 403 https://registry.npmjs.org/Thunderstone
40 verbose headers { date: 'Sat, 07 Feb 2015 16:49:52 GMT',
40 verbose headers   server: 'CouchDB/1.5.0 (Erlang OTP/R16B03)',
40 verbose headers   'content-type': 'application/json',
40 verbose headers   'cache-control': 'max-age=60',
40 verbose headers   'content-length': '76',
40 verbose headers   'accept-ranges': 'bytes',
40 verbose headers   via: '1.1 varnish',
40 verbose headers   'x-served-by': 'cache-ams4120-AMS',
40 verbose headers   'x-cache': 'MISS',
40 verbose headers   'x-cache-hits': '0',
40 verbose headers   'x-timer': 'S1423327792.014798,VS0,VE310',
40 verbose headers   'keep-alive': 'timeout=10, max=50',
40 verbose headers   connection: 'Keep-Alive' }
41 error publish Failed PUT 403
42 error Error: forbidden New packages must have all-lowercase names: Thunderstone
42 error     at RegClient.<anonymous> (C:\Program Files (x86)\nodejs\node_modules\npm\node_modules\npm-registry-client\lib\request.js:308:14)
42 error     at Request._callback (C:\Program Files (x86)\nodejs\node_modules\npm\node_modules\npm-registry-client\lib\request.js:246:65)
42 error     at Request.self.callback (C:\Program Files (x86)\nodejs\node_modules\npm\node_modules\request\request.js:236:22)
42 error     at Request.emit (events.js:98:17)
42 error     at Request.<anonymous> (C:\Program Files (x86)\nodejs\node_modules\npm\node_modules\request\request.js:1142:14)
42 error     at Request.emit (events.js:117:20)
42 error     at IncomingMessage.<anonymous> (C:\Program Files (x86)\nodejs\node_modules\npm\node_modules\request\request.js:1096:12)
42 error     at IncomingMessage.emit (events.js:117:20)
42 error     at _stream_readable.js:943:16
42 error     at process._tickCallback (node.js:419:13)
43 error If you need help, you may report this *entire* log,
43 error including the npm and node versions, at:
43 error     <http://github.com/npm/npm/issues>
44 error System Windows_NT 6.2.9200
45 error command "C:\\Program Files (x86)\\nodejs\\\\node.exe" "C:\\Program Files (x86)\\nodejs\\node_modules\\npm\\bin\\npm-cli.js" "publish"
46 error cwd C:\temp\thunderstone
47 error node -v v0.10.33
48 error npm -v 1.4.28
49 verbose exit [ 1, true ]
